Detecting compiler hash for triplet x64-mingw-dynamic...
Compiler found: C:/msys64/ucrt64/bin/x86_64-w64-mingw32-g++.exe
The following packages are already installed:
  * brotli:x64-mingw-dynamic@1.2.0
  * bzip2[core,tool]:x64-mingw-dynamic@1.0.8#6
  * egl-registry:x64-mingw-dynamic@2025-05-27
  * fmt:x64-mingw-dynamic@12.1.0
  * freetype[brotli,bzip2,core,png,zlib]:x64-mingw-dynamic@2.13.3
  * libflac[core,stack-protector]:x64-mingw-dynamic@1.5.0
  * libogg:x64-mingw-dynamic@1.3.6#1
  * libpng:x64-mingw-dynamic@1.6.53
  * libvorbis:x64-mingw-dynamic@1.3.7#4
    nlohmann-json:x64-mingw-dynamic@3.12.0#1
  * openal-soft:x64-mingw-dynamic@1.24.3#1
  * opengl:x64-mingw-dynamic@2022-12-04#3
  * opengl-registry:x64-mingw-dynamic@2025-10-23
    sfml[audio,core,graphics,network,window]:x64-mingw-dynamic@2.6.2
  * stb:x64-mingw-dynamic@2024-07-29#1
  * vcpkg-cmake:x64-mingw-dynamic@2024-04-23
  * vcpkg-cmake-config:x64-mingw-dynamic@2024-05-23
  * zlib:x64-mingw-dynamic@1.3.1
The package nlohmann-json provides CMake targets:

    find_package(nlohmann_json CONFIG REQUIRED)
    target_link_libraries(main PRIVATE nlohmann_json::nlohmann_json)

The package nlohmann-json can be configured to not provide implicit conversions via a custom triplet file:

    set(nlohmann-json_IMPLICIT_CONVERSIONS OFF)

For more information, see the docs here:
    
    https://json.nlohmann.me/api/macros/json_use_implicit_conversions/

The package sfml provides CMake targets:

    find_package(SFML COMPONENTS system window graphics audio CONFIG REQUIRED)
    target_link_libraries(main PRIVATE sfml-system sfml-network sfml-graphics sfml-window sfml-audio)

    # If you want SFML to provide an implementation of main():
    target_link_libraries(main PRIVATE sfml-main)

All requested installations completed successfully in: 6.27 ms
